<?xml version="1.0" encoding="UTF-8"?>
<testng-results ignored="0" total="2" passed="2" failed="0" skipped="0">
  <reporter-output>
  </reporter-output>
  <suite started-at="2023-04-10T13:13:34Z" name="Suite" finished-at="2023-04-10T13:13:51Z" duration-ms="17483">
    <groups>
    </groups>
    <test started-at="2023-04-10T13:13:34Z" name="Test" finished-at="2023-04-10T13:13:51Z" duration-ms="17483">
      <class name="scripts2.TestValidLogin">
        <test-method is-config="true" signature="openApp()[pri:0, instance:scripts2.TestValidLogin@6e535154]" started-at="2023-04-10T13:13:34Z" name="openApp" finished-at="2023-04-10T13:13:42Z" duration-ms="8043" status="PASS">
          <reporter-output>
          </reporter-output>
        </test-method> <!-- openApp -->
        <test-method signature="testValidLogin()[pri:1, instance:scripts2.TestValidLogin@6e535154]" started-at="2023-04-10T13:13:42Z" name="testValidLogin" finished-at="2023-04-10T13:13:42Z" duration-ms="223" status="PASS">
          <reporter-output>
          </reporter-output>
        </test-method> <!-- testValidLogin -->
        <test-method is-config="true" signature="closeApp()[pri:0, instance:scripts2.TestValidLogin@6e535154]" started-at="2023-04-10T13:13:42Z" name="closeApp" finished-at="2023-04-10T13:13:42Z" duration-ms="157" status="PASS">
          <reporter-output>
          </reporter-output>
        </test-method> <!-- closeApp -->
      </class> <!-- scripts2.TestValidLogin -->
      <class name="scripts2.TestInvalidLogin">
        <test-method is-config="true" signature="openApp()[pri:0, instance:scripts2.TestInvalidLogin@17bffc17]" started-at="2023-04-10T13:13:42Z" name="openApp" finished-at="2023-04-10T13:13:49Z" duration-ms="6795" status="PASS">
          <reporter-output>
          </reporter-output>
        </test-method> <!-- openApp -->
        <test-method signature="testInvalidLogin()[pri:2, instance:scripts2.TestInvalidLogin@17bffc17]" started-at="2023-04-10T13:13:49Z" name="testInvalidLogin" finished-at="2023-04-10T13:13:51Z" duration-ms="2077" status="PASS">
          <reporter-output>
          </reporter-output>
        </test-method> <!-- testInvalidLogin -->
        <test-method is-config="true" signature="closeApp()[pri:0, instance:scripts2.TestInvalidLogin@17bffc17]" started-at="2023-04-10T13:13:51Z" name="closeApp" finished-at="2023-04-10T13:13:51Z" duration-ms="171" status="PASS">
          <reporter-output>
          </reporter-output>
        </test-method> <!-- closeApp -->
      </class> <!-- scripts2.TestInvalidLogin -->
    </test> <!-- Test -->
  </suite> <!-- Suite -->
</testng-results>
